-------------------------------------------------------------------------------
Test set: MathClassTest
-------------------------------------------------------------------------------
Tests run: 1, Failures: 1, Errors: 0, Skipped: 0, Time elapsed: 0.01 s <<< FAILURE! - in MathClassTest
sum  Time elapsed: 0.002 s  <<< FAILURE!
org.opentest4j.AssertionFailedError: test is not good ==> expected: <true> but was: <false>
	at MathClassTest.sum(MathClassTest.java:27)

